<?xml version="1.0" encoding="UTF-8"?>
<!-- Generated by org.testng.reporters.JUnitReportReporter -->
<testsuite hostname="DESKTOP-ADVCTHG" failures="0" tests="1" name="Alerts.BrokenLinks_Program" time="41.212" errors="0" timestamp="2025-02-17T16:58:03 IST" skipped="0">
  <testcase classname="Alerts.BrokenLinks_Program" name="brokenlinks" time="41.212"/>
  <system-out/>
</testsuite> <!-- Alerts.BrokenLinks_Program -->
